This is pdfTeX, Version 3.141592653-2.6-1.40.24 (TeX Live 2022/Debian) (preloaded format=pdflatex 2024.10.14)  21 OCT 2024 17:04
entering extended mode
 restricted \write18 enabled.
 %&-line parsing enabled.
**main.tex
(./main.tex
LaTeX2e <2022-11-01> patch level 1
L3 programming layer <2023-01-16>
(/usr/share/texlive/texmf-dist/tex/latex/base/article.cls
Document Class: article 2022/07/02 v1.4n Standard LaTeX document class
(/usr/share/texlive/texmf-dist/tex/latex/base/size12.clo
File: size12.clo 2022/07/02 v1.4n Standard LaTeX file (size option)
)
\c@part=\count185
\c@section=\count186
\c@subsection=\count187
\c@subsubsection=\count188
\c@paragraph=\count189
\c@subparagraph=\count190
\c@figure=\count191
\c@table=\count192
\abovecaptionskip=\skip48
\belowcaptionskip=\skip49
\bibindent=\dimen140
)
(/usr/share/texlive/texmf-dist/tex/latex/base/inputenc.sty
Package: inputenc 2021/02/14 v1.3d Input encoding file
\inpenc@prehook=\toks16
\inpenc@posthook=\toks17
)
(/usr/share/texlive/texmf-dist/tex/latex/amsmath/amsmath.sty
Package: amsmath 2022/04/08 v2.17n AMS math features
\@mathmargin=\skip50

For additional information on amsmath, use the `?' option.
(/usr/share/texlive/texmf-dist/tex/latex/amsmath/amstext.sty
Package: amstext 2021/08/26 v2.01 AMS text

(/usr/share/texlive/texmf-dist/tex/latex/amsmath/amsgen.sty
File: amsgen.sty 1999/11/30 v2.0 generic functions
\@emptytoks=\toks18
\ex@=\dimen141
))
(/usr/share/texlive/texmf-dist/tex/latex/amsmath/amsbsy.sty
Package: amsbsy 1999/11/29 v1.2d Bold Symbols
\pmbraise@=\dimen142
)
(/usr/share/texlive/texmf-dist/tex/latex/amsmath/amsopn.sty
Package: amsopn 2022/04/08 v2.04 operator names
)
\inf@bad=\count193
LaTeX Info: Redefining \frac on input line 234.
\uproot@=\count194
\leftroot@=\count195
LaTeX Info: Redefining \overline on input line 399.
LaTeX Info: Redefining \colon on input line 410.
\classnum@=\count196
\DOTSCASE@=\count197
LaTeX Info: Redefining \ldots on input line 496.
LaTeX Info: Redefining \dots on input line 499.
LaTeX Info: Redefining \cdots on input line 620.
\Mathstrutbox@=\box51
\strutbox@=\box52
LaTeX Info: Redefining \big on input line 722.
LaTeX Info: Redefining \Big on input line 723.
LaTeX Info: Redefining \bigg on input line 724.
LaTeX Info: Redefining \Bigg on input line 725.
\big@size=\dimen143
LaTeX Font Info:    Redeclaring font encoding OML on input line 743.
LaTeX Font Info:    Redeclaring font encoding OMS on input line 744.
\macc@depth=\count198
LaTeX Info: Redefining \bmod on input line 905.
LaTeX Info: Redefining \pmod on input line 910.
LaTeX Info: Redefining \smash on input line 940.
LaTeX Info: Redefining \relbar on input line 970.
LaTeX Info: Redefining \Relbar on input line 971.
\c@MaxMatrixCols=\count199
\dotsspace@=\muskip16
\c@parentequation=\count266
\dspbrk@lvl=\count267
\tag@help=\toks19
\row@=\count268
\column@=\count269
\maxfields@=\count270
\andhelp@=\toks20
\eqnshift@=\dimen144
\alignsep@=\dimen145
\tagshift@=\dimen146
\tagwidth@=\dimen147
\totwidth@=\dimen148
\lineht@=\dimen149
\@envbody=\toks21
\multlinegap=\skip51
\multlinetaggap=\skip52
\mathdisplay@stack=\toks22
LaTeX Info: Redefining \[ on input line 2953.
LaTeX Info: Redefining \] on input line 2954.
)
(/usr/share/texlive/texmf-dist/tex/latex/amsfonts/amssymb.sty
Package: amssymb 2013/01/14 v3.01 AMS font symbols

(/usr/share/texlive/texmf-dist/tex/latex/amsfonts/amsfonts.sty
Package: amsfonts 2013/01/14 v3.01 Basic AMSFonts support
\symAMSa=\mathgroup4
\symAMSb=\mathgroup5
LaTeX Font Info:    Redeclaring math symbol \hbar on input line 98.
LaTeX Font Info:    Overwriting math alphabet `\mathfrak' in version `bold'
(Font)                  U/euf/m/n --> U/euf/b/n on input line 106.
))
(/usr/share/texlive/texmf-dist/tex/latex/graphics/graphicx.sty
Package: graphicx 2021/09/16 v1.2d Enhanced LaTeX Graphics (DPC,SPQR)

(/usr/share/texlive/texmf-dist/tex/latex/graphics/keyval.sty
Package: keyval 2022/05/29 v1.15 key=value parser (DPC)
\KV@toks@=\toks23
)
(/usr/share/texlive/texmf-dist/tex/latex/graphics/graphics.sty
Package: graphics 2022/03/10 v1.4e Standard LaTeX Graphics (DPC,SPQR)

(/usr/share/texlive/texmf-dist/tex/latex/graphics/trig.sty
Package: trig 2021/08/11 v1.11 sin cos tan (DPC)
)
(/usr/share/texlive/texmf-dist/tex/latex/graphics-cfg/graphics.cfg
File: graphics.cfg 2016/06/04 v1.11 sample graphics configuration
)
Package graphics Info: Driver file: pdftex.def on input line 107.

(/usr/share/texlive/texmf-dist/tex/latex/graphics-def/pdftex.def
File: pdftex.def 2022/09/22 v1.2b Graphics/color driver for pdftex
))
\Gin@req@height=\dimen150
\Gin@req@width=\dimen151
)
(/usr/share/texlive/texmf-dist/tex/latex/tools/longtable.sty
Package: longtable 2021-09-01 v4.17 Multi-page Table package (DPC)
\LTleft=\skip53
\LTright=\skip54
\LTpre=\skip55
\LTpost=\skip56
\LTchunksize=\count271
\LTcapwidth=\dimen152
\LT@head=\box53
\LT@firsthead=\box54
\LT@foot=\box55
\LT@lastfoot=\box56
\LT@gbox=\box57
\LT@cols=\count272
\LT@rows=\count273
\c@LT@tables=\count274
\c@LT@chunks=\count275
\LT@p@ftn=\toks24
)
(/usr/share/texlive/texmf-dist/tex/latex/pdflscape/pdflscape.sty
Package: pdflscape 2022-10-27 v0.13 Display of landscape pages in PDF

(/usr/share/texlive/texmf-dist/tex/latex/pdflscape/pdflscape-nometadata.sty
Package: pdflscape-nometadata 2022-10-28 v0.13 Display of landscape pages in PD
F (HO)

(/usr/share/texlive/texmf-dist/tex/generic/iftex/iftex.sty
Package: iftex 2022/02/03 v1.0f TeX engine tests
)
(/usr/share/texlive/texmf-dist/tex/latex/graphics/lscape.sty
Package: lscape 2020/05/28 v3.02 Landscape Pages (DPC)
)
Package pdflscape Info: Auto-detected driver: pdftex on input line 81.
))
(/usr/share/texlive/texmf-dist/tex/latex/geometry/geometry.sty
Package: geometry 2020/01/02 v5.9 Page Geometry

(/usr/share/texlive/texmf-dist/tex/generic/iftex/ifvtex.sty
Package: ifvtex 2019/10/25 v1.7 ifvtex legacy package. Use iftex instead.
)
\Gm@cnth=\count276
\Gm@cntv=\count277
\c@Gm@tempcnt=\count278
\Gm@bindingoffset=\dimen153
\Gm@wd@mp=\dimen154
\Gm@odd@mp=\dimen155
\Gm@even@mp=\dimen156
\Gm@layoutwidth=\dimen157
\Gm@layoutheight=\dimen158
\Gm@layouthoffset=\dimen159
\Gm@layoutvoffset=\dimen160
\Gm@dimlist=\toks25
)
(/usr/share/texlive/texmf-dist/tex/latex/subfig/subfig.sty
Package: subfig 2005/06/28 ver: 1.3 subfig package

(/usr/share/texlive/texmf-dist/tex/latex/caption/caption.sty
Package: caption 2022/03/01 v3.6b Customizing captions (AR)

(/usr/share/texlive/texmf-dist/tex/latex/caption/caption3.sty
Package: caption3 2022/03/17 v2.3b caption3 kernel (AR)
\caption@tempdima=\dimen161
\captionmargin=\dimen162
\caption@leftmargin=\dimen163
\caption@rightmargin=\dimen164
\caption@width=\dimen165
\caption@indent=\dimen166
\caption@parindent=\dimen167
\caption@hangindent=\dimen168
Package caption Info: Standard document class detected.
)
\c@caption@flags=\count279
\c@continuedfloat=\count280
Package caption Info: longtable package is loaded.

(/usr/share/texlive/texmf-dist/tex/latex/caption/ltcaption.sty
Package: ltcaption 2021/01/08 v1.4c longtable captions (AR)
))
\c@KVtest=\count281
\sf@farskip=\skip57
\sf@captopadj=\dimen169
\sf@capskip=\skip58
\sf@nearskip=\skip59
\c@subfigure=\count282
\c@subfigure@save=\count283
\c@lofdepth=\count284
\c@subtable=\count285
\c@subtable@save=\count286
\c@lotdepth=\count287
\sf@top=\skip60
\sf@bottom=\skip61
)
(/usr/share/texlive/texmf-dist/tex/latex/float/float.sty
Package: float 2001/11/08 v1.3d Float enhancements (AL)
\c@float@type=\count288
\float@exts=\toks26
\float@box=\box58
\@float@everytoks=\toks27
\@floatcapt=\box59
)
(/usr/share/texlive/texmf-dist/tex/latex/l3backend/l3backend-pdftex.def
File: l3backend-pdftex.def 2023-01-16 L3 backend support: PDF output (pdfTeX)
\l__color_backend_stack_int=\count289
\l__pdf_internal_box=\box60
)
(./main.aux)
\openout1 = `main.aux'.

LaTeX Font Info:    Checking defaults for OML/cmm/m/it on input line 18.
LaTeX Font Info:    ... okay on input line 18.
LaTeX Font Info:    Checking defaults for OMS/cmsy/m/n on input line 18.
LaTeX Font Info:    ... okay on input line 18.
LaTeX Font Info:    Checking defaults for OT1/cmr/m/n on input line 18.
LaTeX Font Info:    ... okay on input line 18.
LaTeX Font Info:    Checking defaults for T1/cmr/m/n on input line 18.
LaTeX Font Info:    ... okay on input line 18.
LaTeX Font Info:    Checking defaults for TS1/cmr/m/n on input line 18.
LaTeX Font Info:    ... okay on input line 18.
LaTeX Font Info:    Checking defaults for OMX/cmex/m/n on input line 18.
LaTeX Font Info:    ... okay on input line 18.
LaTeX Font Info:    Checking defaults for U/cmr/m/n on input line 18.
LaTeX Font Info:    ... okay on input line 18.
 (/usr/share/texlive/texmf-dist/tex/context/base/mkii/supp-pdf.mkii
[Loading MPS to PDF converter (version 2006.09.02).]
\scratchcounter=\count290
\scratchdimen=\dimen170
\scratchbox=\box61
\nofMPsegments=\count291
\nofMParguments=\count292
\everyMPshowfont=\toks28
\MPscratchCnt=\count293
\MPscratchDim=\dimen171
\MPnumerator=\count294
\makeMPintoPDFobject=\count295
\everyMPtoPDFconversion=\toks29
) (/usr/share/texlive/texmf-dist/tex/latex/epstopdf-pkg/epstopdf-base.sty
Package: epstopdf-base 2020-01-24 v2.11 Base part for package epstopdf
Package epstopdf-base Info: Redefining graphics rule for `.eps' on input line 4
85.

(/usr/share/texlive/texmf-dist/tex/latex/latexconfig/epstopdf-sys.cfg
File: epstopdf-sys.cfg 2010/07/13 v1.3 Configuration of (r)epstopdf for TeX Liv
e
))
*geometry* driver: auto-detecting
*geometry* detected driver: pdftex
*geometry* verbose mode - [ preamble ] result:
* driver: pdftex
* paper: a4paper
* layout: <same size as paper>
* layoutoffset:(h,v)=(0.0pt,0.0pt)
* modes: 
* h-part:(L,W,R)=(72.26999pt, 452.9679pt, 72.26999pt)
* v-part:(T,H,B)=(72.26999pt, 700.50687pt, 72.26999pt)
* \paperwidth=597.50787pt
* \paperheight=845.04684pt
* \textwidth=452.9679pt
* \textheight=700.50687pt
* \oddsidemargin=0.0pt
* \evensidemargin=0.0pt
* \topmargin=-37.0pt
* \headheight=12.0pt
* \headsep=25.0pt
* \topskip=12.0pt
* \footskip=30.0pt
* \marginparwidth=35.0pt
* \marginparsep=10.0pt
* \columnsep=10.0pt
* \skip\footins=10.8pt plus 4.0pt minus 2.0pt
* \hoffset=0.0pt
* \voffset=0.0pt
* \mag=1000
* \@twocolumnfalse
* \@twosidefalse
* \@mparswitchfalse
* \@reversemarginfalse
* (1in=72.27pt=25.4mm, 1cm=28.453pt)

Package caption Info: Begin \AtBeginDocument code.
Package caption Info: subfig package v1.3 is loaded.
Package caption Info: float package is loaded.
Package caption Info: End \AtBeginDocument code.
LaTeX Font Info:    Trying to load font information for U+msa on input line 20.

(/usr/share/texlive/texmf-dist/tex/latex/amsfonts/umsa.fd
File: umsa.fd 2013/01/14 v3.01 AMS symbols A
)
LaTeX Font Info:    Trying to load font information for U+msb on input line 20.


(/usr/share/texlive/texmf-dist/tex/latex/amsfonts/umsb.fd
File: umsb.fd 2013/01/14 v3.01 AMS symbols B
) (./main.toc)
\tf@toc=\write3
\openout3 = `main.toc'.


[1

{/var/lib/texmf/fonts/map/pdftex/updmap/pdftex.map}]
Underfull \hbox (badness 10000) in paragraph at lines 38--38
[]|\OT1/cmr/m/n/10.95 Cluster
 []


Overfull \hbox (5.63791pt too wide) in paragraph at lines 38--38
[]|\OT1/cmr/m/n/10.95 N$[]$| 
 []


Underfull \hbox (badness 10000) in paragraph at lines 38--38
[]|\OT1/cmr/m/n/10.95 Mean
 []


Underfull \hbox (badness 10000) in paragraph at lines 38--38
[]|\OT1/cmr/m/n/10.95 Median
 []


Underfull \hbox (badness 10000) in paragraph at lines 38--38
[]|\OT1/cmr/m/n/10.95 Std
 []


Underfull \hbox (badness 10000) in paragraph at lines 38--38
[]|\OT1/cmr/m/n/10.95 Mean
 []


Underfull \hbox (badness 10000) in paragraph at lines 38--38
[]|\OT1/cmr/m/n/10.95 Median
 []


Underfull \hbox (badness 10000) in paragraph at lines 38--38
[]|\OT1/cmr/m/n/10.95 Std
 []


Overfull \hbox (53.37059pt too wide) in alignment at lines 36--112
 [] [] [] [] [] [] [] [] [] 
 []

[2] [3]
<NGC0104_metalicity.png, id=21, 1300.86pt x 433.62pt>
File: NGC0104_metalicity.png Graphic file (type png)
<use NGC0104_metalicity.png>
Package pdftex.def Info: NGC0104_metalicity.png  used on input line 176.
(pdftex.def)             Requested size: 362.37569pt x 120.79082pt.
<NGC0104_alpha.png, id=23, 1300.86pt x 433.62pt>
File: NGC0104_alpha.png Graphic file (type png)
<use NGC0104_alpha.png>
Package pdftex.def Info: NGC0104_alpha.png  used on input line 184.
(pdftex.def)             Requested size: 362.37569pt x 120.79082pt.
 [4] [5 <./NGC0104_metalicity.png> <./NGC0104_alpha.png>]
<NGC0288_metalicity.png, id=33, 1300.86pt x 433.62pt>
File: NGC0288_metalicity.png Graphic file (type png)
<use NGC0288_metalicity.png>
Package pdftex.def Info: NGC0288_metalicity.png  used on input line 200.
(pdftex.def)             Requested size: 362.37569pt x 120.79082pt.
<NGC0288_alpha.png, id=34, 1300.86pt x 433.62pt>
File: NGC0288_alpha.png Graphic file (type png)
<use NGC0288_alpha.png>
Package pdftex.def Info: NGC0288_alpha.png  used on input line 208.
(pdftex.def)             Requested size: 362.37569pt x 120.79082pt.
 [6

 <./NGC0288_metalicity.png> <./NGC0288_alpha.png>]
<NGC0362_metalicity.png, id=40, 1300.86pt x 433.62pt>
File: NGC0362_metalicity.png Graphic file (type png)
<use NGC0362_metalicity.png>
Package pdftex.def Info: NGC0362_metalicity.png  used on input line 224.
(pdftex.def)             Requested size: 362.37569pt x 120.79082pt.
<NGC0362_alpha.png, id=41, 1300.86pt x 433.62pt>
File: NGC0362_alpha.png Graphic file (type png)
<use NGC0362_alpha.png>
Package pdftex.def Info: NGC0362_alpha.png  used on input line 232.
(pdftex.def)             Requested size: 362.37569pt x 120.79082pt.
 [7

 <./NGC0362_metalicity.png> <./NGC0362_alpha.png>]
<NGC1851_metalicity.png, id=48, 1300.86pt x 433.62pt>
File: NGC1851_metalicity.png Graphic file (type png)
<use NGC1851_metalicity.png>
Package pdftex.def Info: NGC1851_metalicity.png  used on input line 248.
(pdftex.def)             Requested size: 362.37569pt x 120.79082pt.
<NGC1851_alpha.png, id=49, 1300.86pt x 433.62pt>
File: NGC1851_alpha.png Graphic file (type png)
<use NGC1851_alpha.png>
Package pdftex.def Info: NGC1851_alpha.png  used on input line 256.
(pdftex.def)             Requested size: 362.37569pt x 120.79082pt.
 [8

 <./NGC1851_metalicity.png> <./NGC1851_alpha.png>]
<NGC2298_metalicity.png, id=55, 1300.86pt x 433.62pt>
File: NGC2298_metalicity.png Graphic file (type png)
<use NGC2298_metalicity.png>
Package pdftex.def Info: NGC2298_metalicity.png  used on input line 272.
(pdftex.def)             Requested size: 362.37569pt x 120.79082pt.
<NGC2298_alpha.png, id=56, 1300.86pt x 433.62pt>
File: NGC2298_alpha.png Graphic file (type png)
<use NGC2298_alpha.png>
Package pdftex.def Info: NGC2298_alpha.png  used on input line 280.
(pdftex.def)             Requested size: 362.37569pt x 120.79082pt.
 [9

 <./NGC2298_metalicity.png> <./NGC2298_alpha.png>]
<NGC2808_metalicity.png, id=62, 1300.86pt x 433.62pt>
File: NGC2808_metalicity.png Graphic file (type png)
<use NGC2808_metalicity.png>
Package pdftex.def Info: NGC2808_metalicity.png  used on input line 296.
(pdftex.def)             Requested size: 362.37569pt x 120.79082pt.
<NGC2808_alpha.png, id=63, 1300.86pt x 433.62pt>
File: NGC2808_alpha.png Graphic file (type png)
<use NGC2808_alpha.png>
Package pdftex.def Info: NGC2808_alpha.png  used on input line 304.
(pdftex.def)             Requested size: 362.37569pt x 120.79082pt.
 [10

 <./NGC2808_metalicity.png> <./NGC2808_alpha.png>]
<NGC3201_metalicity.png, id=69, 1300.86pt x 433.62pt>
File: NGC3201_metalicity.png Graphic file (type png)
<use NGC3201_metalicity.png>
Package pdftex.def Info: NGC3201_metalicity.png  used on input line 320.
(pdftex.def)             Requested size: 362.37569pt x 120.79082pt.
<NGC3201_alpha.png, id=70, 1300.86pt x 433.62pt>
File: NGC3201_alpha.png Graphic file (type png)
<use NGC3201_alpha.png>
Package pdftex.def Info: NGC3201_alpha.png  used on input line 328.
(pdftex.def)             Requested size: 362.37569pt x 120.79082pt.
 [11

 <./NGC3201_metalicity.png> <./NGC3201_alpha.png>]
<NGC4590_metalicity.png, id=76, 1300.86pt x 433.62pt>
File: NGC4590_metalicity.png Graphic file (type png)
<use NGC4590_metalicity.png>
Package pdftex.def Info: NGC4590_metalicity.png  used on input line 344.
(pdftex.def)             Requested size: 362.37569pt x 120.79082pt.
<NGC4590_alpha.png, id=77, 1300.86pt x 433.62pt>
File: NGC4590_alpha.png Graphic file (type png)
<use NGC4590_alpha.png>
Package pdftex.def Info: NGC4590_alpha.png  used on input line 352.
(pdftex.def)             Requested size: 362.37569pt x 120.79082pt.
 [12

 <./NGC4590_metalicity.png> <./NGC4590_alpha.png>]
<NGC5024_metalicity.png, id=83, 1300.86pt x 433.62pt>
File: NGC5024_metalicity.png Graphic file (type png)
<use NGC5024_metalicity.png>
Package pdftex.def Info: NGC5024_metalicity.png  used on input line 368.
(pdftex.def)             Requested size: 362.37569pt x 120.79082pt.
<NGC5024_alpha.png, id=84, 1300.86pt x 433.62pt>
File: NGC5024_alpha.png Graphic file (type png)
<use NGC5024_alpha.png>
Package pdftex.def Info: NGC5024_alpha.png  used on input line 376.
(pdftex.def)             Requested size: 362.37569pt x 120.79082pt.
 [13

 <./NGC5024_metalicity.png> <./NGC5024_alpha.png>]
<NGC5053_metalicity.png, id=91, 1300.86pt x 433.62pt>
File: NGC5053_metalicity.png Graphic file (type png)
<use NGC5053_metalicity.png>
Package pdftex.def Info: NGC5053_metalicity.png  used on input line 392.
(pdftex.def)             Requested size: 362.37569pt x 120.79082pt.
<NGC5053_alpha.png, id=92, 1300.86pt x 433.62pt>
File: NGC5053_alpha.png Graphic file (type png)
<use NGC5053_alpha.png>
Package pdftex.def Info: NGC5053_alpha.png  used on input line 400.
(pdftex.def)             Requested size: 362.37569pt x 120.79082pt.
 [14

 <./NGC5053_metalicity.png> <./NGC5053_alpha.png>]
<NGC5272_metalicity.png, id=98, 1300.86pt x 433.62pt>
File: NGC5272_metalicity.png Graphic file (type png)
<use NGC5272_metalicity.png>
Package pdftex.def Info: NGC5272_metalicity.png  used on input line 416.
(pdftex.def)             Requested size: 362.37569pt x 120.79082pt.
<NGC5272_alpha.png, id=99, 1300.86pt x 433.62pt>
File: NGC5272_alpha.png Graphic file (type png)
<use NGC5272_alpha.png>
Package pdftex.def Info: NGC5272_alpha.png  used on input line 424.
(pdftex.def)             Requested size: 362.37569pt x 120.79082pt.

[15

 <./NGC5272_metalicity.png> <./NGC5272_alpha.png>]
<NGC5466_metalicity.png, id=105, 1300.86pt x 433.62pt>
File: NGC5466_metalicity.png Graphic file (type png)
<use NGC5466_metalicity.png>
Package pdftex.def Info: NGC5466_metalicity.png  used on input line 440.
(pdftex.def)             Requested size: 362.37569pt x 120.79082pt.
<NGC5466_alpha.png, id=106, 1300.86pt x 433.62pt>
File: NGC5466_alpha.png Graphic file (type png)
<use NGC5466_alpha.png>
Package pdftex.def Info: NGC5466_alpha.png  used on input line 448.
(pdftex.def)             Requested size: 362.37569pt x 120.79082pt.
 [16

 <./NGC5466_metalicity.png> <./NGC5466_alpha.png>]
<NGC5904_metalicity.png, id=112, 1300.86pt x 433.62pt>
File: NGC5904_metalicity.png Graphic file (type png)
<use NGC5904_metalicity.png>
Package pdftex.def Info: NGC5904_metalicity.png  used on input line 464.
(pdftex.def)             Requested size: 362.37569pt x 120.79082pt.
<NGC5904_alpha.png, id=113, 1300.86pt x 433.62pt>
File: NGC5904_alpha.png Graphic file (type png)
<use NGC5904_alpha.png>
Package pdftex.def Info: NGC5904_alpha.png  used on input line 472.
(pdftex.def)             Requested size: 362.37569pt x 120.79082pt.
 [17

 <./NGC5904_metalicity.png> <./NGC5904_alpha.png>]
<NGC6093_metalicity.png, id=119, 1300.86pt x 433.62pt>
File: NGC6093_metalicity.png Graphic file (type png)
<use NGC6093_metalicity.png>
Package pdftex.def Info: NGC6093_metalicity.png  used on input line 488.
(pdftex.def)             Requested size: 362.37569pt x 120.79082pt.
<NGC6093_alpha.png, id=120, 1300.86pt x 433.62pt>
File: NGC6093_alpha.png Graphic file (type png)
<use NGC6093_alpha.png>
Package pdftex.def Info: NGC6093_alpha.png  used on input line 496.
(pdftex.def)             Requested size: 362.37569pt x 120.79082pt.
 [18

 <./NGC6093_metalicity.png> <./NGC6093_alpha.png>]
<NGC6121_metalicity.png, id=126, 1300.86pt x 433.62pt>
File: NGC6121_metalicity.png Graphic file (type png)
<use NGC6121_metalicity.png>
Package pdftex.def Info: NGC6121_metalicity.png  used on input line 512.
(pdftex.def)             Requested size: 362.37569pt x 120.79082pt.
<NGC6121_alpha.png, id=127, 1300.86pt x 433.62pt>
File: NGC6121_alpha.png Graphic file (type png)
<use NGC6121_alpha.png>
Package pdftex.def Info: NGC6121_alpha.png  used on input line 520.
(pdftex.def)             Requested size: 362.37569pt x 120.79082pt.
 [19

 <./NGC6121_metalicity.png> <./NGC6121_alpha.png>]
<NGC6144_metalicity.png, id=134, 1300.86pt x 433.62pt>
File: NGC6144_metalicity.png Graphic file (type png)
<use NGC6144_metalicity.png>
Package pdftex.def Info: NGC6144_metalicity.png  used on input line 536.
(pdftex.def)             Requested size: 362.37569pt x 120.79082pt.
<NGC6144_alpha.png, id=135, 1300.86pt x 433.62pt>
File: NGC6144_alpha.png Graphic file (type png)
<use NGC6144_alpha.png>
Package pdftex.def Info: NGC6144_alpha.png  used on input line 544.
(pdftex.def)             Requested size: 362.37569pt x 120.79082pt.
 [20

 <./NGC6144_metalicity.png> <./NGC6144_alpha.png>]
<NGC6171_metalicity.png, id=141, 1300.86pt x 433.62pt>
File: NGC6171_metalicity.png Graphic file (type png)
<use NGC6171_metalicity.png>
Package pdftex.def Info: NGC6171_metalicity.png  used on input line 560.
(pdftex.def)             Requested size: 362.37569pt x 120.79082pt.
<NGC6171_alpha.png, id=142, 1300.86pt x 433.62pt>
File: NGC6171_alpha.png Graphic file (type png)
<use NGC6171_alpha.png>
Package pdftex.def Info: NGC6171_alpha.png  used on input line 568.
(pdftex.def)             Requested size: 362.37569pt x 120.79082pt.
 [21

 <./NGC6171_metalicity.png> <./NGC6171_alpha.png>]
<NGC6205_metalicity.png, id=148, 1300.86pt x 433.62pt>
File: NGC6205_metalicity.png Graphic file (type png)
<use NGC6205_metalicity.png>
Package pdftex.def Info: NGC6205_metalicity.png  used on input line 584.
(pdftex.def)             Requested size: 362.37569pt x 120.79082pt.
<NGC6205_alpha.png, id=149, 1300.86pt x 433.62pt>
File: NGC6205_alpha.png Graphic file (type png)
<use NGC6205_alpha.png>
Package pdftex.def Info: NGC6205_alpha.png  used on input line 592.
(pdftex.def)             Requested size: 362.37569pt x 120.79082pt.
 [22

 <./NGC6205_metalicity.png> <./NGC6205_alpha.png>]
<NGC6218_metalicity.png, id=155, 1300.86pt x 433.62pt>
File: NGC6218_metalicity.png Graphic file (type png)
<use NGC6218_metalicity.png>
Package pdftex.def Info: NGC6218_metalicity.png  used on input line 608.
(pdftex.def)             Requested size: 362.37569pt x 120.79082pt.
<NGC6218_alpha.png, id=156, 1300.86pt x 433.62pt>
File: NGC6218_alpha.png Graphic file (type png)
<use NGC6218_alpha.png>
Package pdftex.def Info: NGC6218_alpha.png  used on input line 616.
(pdftex.def)             Requested size: 362.37569pt x 120.79082pt.
 [23

 <./NGC6218_metalicity.png> <./NGC6218_alpha.png>]
<NGC6254_metalicity.png, id=162, 1300.86pt x 433.62pt>
File: NGC6254_metalicity.png Graphic file (type png)
<use NGC6254_metalicity.png>
Package pdftex.def Info: NGC6254_metalicity.png  used on input line 632.
(pdftex.def)             Requested size: 362.37569pt x 120.79082pt.
<NGC6254_alpha.png, id=163, 1300.86pt x 433.62pt>
File: NGC6254_alpha.png Graphic file (type png)
<use NGC6254_alpha.png>
Package pdftex.def Info: NGC6254_alpha.png  used on input line 640.
(pdftex.def)             Requested size: 362.37569pt x 120.79082pt.
 [24

 <./NGC6254_metalicity.png> <./NGC6254_alpha.png>]
<NGC6304_metalicity.png, id=169, 1300.86pt x 433.62pt>
File: NGC6304_metalicity.png Graphic file (type png)
<use NGC6304_metalicity.png>
Package pdftex.def Info: NGC6304_metalicity.png  used on input line 656.
(pdftex.def)             Requested size: 362.37569pt x 120.79082pt.
<NGC6304_alpha.png, id=170, 1300.86pt x 433.62pt>
File: NGC6304_alpha.png Graphic file (type png)
<use NGC6304_alpha.png>
Package pdftex.def Info: NGC6304_alpha.png  used on input line 664.
(pdftex.def)             Requested size: 362.37569pt x 120.79082pt.
 [25

 <./NGC6304_metalicity.png> <./NGC6304_alpha.png>]
<NGC6341_metalicity.png, id=177, 1300.86pt x 433.62pt>
File: NGC6341_metalicity.png Graphic file (type png)
<use NGC6341_metalicity.png>
Package pdftex.def Info: NGC6341_metalicity.png  used on input line 680.
(pdftex.def)             Requested size: 362.37569pt x 120.79082pt.
<NGC6341_alpha.png, id=178, 1300.86pt x 433.62pt>
File: NGC6341_alpha.png Graphic file (type png)
<use NGC6341_alpha.png>
Package pdftex.def Info: NGC6341_alpha.png  used on input line 688.
(pdftex.def)             Requested size: 362.37569pt x 120.79082pt.
 [26

 <./NGC6341_metalicity.png> <./NGC6341_alpha.png>]
<NGC6388_metalicity.png, id=184, 1300.86pt x 433.62pt>
File: NGC6388_metalicity.png Graphic file (type png)
<use NGC6388_metalicity.png>
Package pdftex.def Info: NGC6388_metalicity.png  used on input line 704.
(pdftex.def)             Requested size: 362.37569pt x 120.79082pt.
<NGC6388_alpha.png, id=185, 1300.86pt x 433.62pt>
File: NGC6388_alpha.png Graphic file (type png)
<use NGC6388_alpha.png>
Package pdftex.def Info: NGC6388_alpha.png  used on input line 712.
(pdftex.def)             Requested size: 362.37569pt x 120.79082pt.
 [27

 <./NGC6388_metalicity.png> <./NGC6388_alpha.png>]
<NGC6715_metalicity.png, id=191, 1300.86pt x 433.62pt>
File: NGC6715_metalicity.png Graphic file (type png)
<use NGC6715_metalicity.png>
Package pdftex.def Info: NGC6715_metalicity.png  used on input line 728.
(pdftex.def)             Requested size: 362.37569pt x 120.79082pt.
<NGC6715_alpha.png, id=192, 1300.86pt x 433.62pt>
File: NGC6715_alpha.png Graphic file (type png)
<use NGC6715_alpha.png>
Package pdftex.def Info: NGC6715_alpha.png  used on input line 736.
(pdftex.def)             Requested size: 362.37569pt x 120.79082pt.
 [28

 <./NGC6715_metalicity.png> <./NGC6715_alpha.png>]
<NGC6717_metalicity.png, id=198, 1300.86pt x 433.62pt>
File: NGC6717_metalicity.png Graphic file (type png)
<use NGC6717_metalicity.png>
Package pdftex.def Info: NGC6717_metalicity.png  used on input line 752.
(pdftex.def)             Requested size: 362.37569pt x 120.79082pt.
<NGC6717_alpha.png, id=199, 1300.86pt x 433.62pt>
File: NGC6717_alpha.png Graphic file (type png)
<use NGC6717_alpha.png>
Package pdftex.def Info: NGC6717_alpha.png  used on input line 760.
(pdftex.def)             Requested size: 362.37569pt x 120.79082pt.
 [29

 <./NGC6717_metalicity.png> <./NGC6717_alpha.png>]
<NGC6723_metalicity.png, id=205, 1300.86pt x 433.62pt>
File: NGC6723_metalicity.png Graphic file (type png)
<use NGC6723_metalicity.png>
Package pdftex.def Info: NGC6723_metalicity.png  used on input line 776.
(pdftex.def)             Requested size: 362.37569pt x 120.79082pt.
<NGC6723_alpha.png, id=206, 1300.86pt x 433.62pt>
File: NGC6723_alpha.png Graphic file (type png)
<use NGC6723_alpha.png>
Package pdftex.def Info: NGC6723_alpha.png  used on input line 784.
(pdftex.def)             Requested size: 362.37569pt x 120.79082pt.
 [30

 <./NGC6723_metalicity.png> <./NGC6723_alpha.png>]
<NGC6752_metalicity.png, id=212, 1300.86pt x 433.62pt>
File: NGC6752_metalicity.png Graphic file (type png)
<use NGC6752_metalicity.png>
Package pdftex.def Info: NGC6752_metalicity.png  used on input line 800.
(pdftex.def)             Requested size: 362.37569pt x 120.79082pt.
<NGC6752_alpha.png, id=213, 1300.86pt x 433.62pt>
File: NGC6752_alpha.png Graphic file (type png)
<use NGC6752_alpha.png>
Package pdftex.def Info: NGC6752_alpha.png  used on input line 808.
(pdftex.def)             Requested size: 362.37569pt x 120.79082pt.

[31

 <./NGC6752_metalicity.png> <./NGC6752_alpha.png>]
<NGC6838_metalicity.png, id=220, 1300.86pt x 433.62pt>
File: NGC6838_metalicity.png Graphic file (type png)
<use NGC6838_metalicity.png>
Package pdftex.def Info: NGC6838_metalicity.png  used on input line 826.
(pdftex.def)             Requested size: 362.37569pt x 120.79082pt.
<NGC6838_alpha.png, id=221, 1300.86pt x 433.62pt>
File: NGC6838_alpha.png Graphic file (type png)
<use NGC6838_alpha.png>
Package pdftex.def Info: NGC6838_alpha.png  used on input line 834.
(pdftex.def)             Requested size: 362.37569pt x 120.79082pt.
 [32

 <./NGC6838_metalicity.png> <./NGC6838_alpha.png>]
<NGC7078_metalicity.png, id=227, 1300.86pt x 433.62pt>
File: NGC7078_metalicity.png Graphic file (type png)
<use NGC7078_metalicity.png>
Package pdftex.def Info: NGC7078_metalicity.png  used on input line 850.
(pdftex.def)             Requested size: 362.37569pt x 120.79082pt.
<NGC7078_alpha.png, id=228, 1300.86pt x 433.62pt>
File: NGC7078_alpha.png Graphic file (type png)
<use NGC7078_alpha.png>
Package pdftex.def Info: NGC7078_alpha.png  used on input line 858.
(pdftex.def)             Requested size: 362.37569pt x 120.79082pt.
 [33

 <./NGC7078_metalicity.png> <./NGC7078_alpha.png>]
<NGC7089_metalicity.png, id=234, 1300.86pt x 433.62pt>
File: NGC7089_metalicity.png Graphic file (type png)
<use NGC7089_metalicity.png>
Package pdftex.def Info: NGC7089_metalicity.png  used on input line 874.
(pdftex.def)             Requested size: 362.37569pt x 120.79082pt.
<NGC7089_alpha.png, id=235, 1300.86pt x 433.62pt>
File: NGC7089_alpha.png Graphic file (type png)
<use NGC7089_alpha.png>
Package pdftex.def Info: NGC7089_alpha.png  used on input line 882.
(pdftex.def)             Requested size: 362.37569pt x 120.79082pt.
 [34

 <./NGC7089_metalicity.png> <./NGC7089_alpha.png>] (./main.bbl) [35

]
(./main.aux)

LaTeX Warning: Label(s) may have changed. Rerun to get cross-references right.

 ) 
Here is how much of TeX's memory you used:
 5487 strings out of 476091
 94211 string characters out of 5794080
 1991330 words of memory out of 5000000
 25761 multiletter control sequences out of 15000+600000
 522945 words of font info for 73 fonts, out of 8000000 for 9000
 1141 hyphenation exceptions out of 8191
 69i,16n,79p,267b,483s stack positions out of 10000i,1000n,20000p,200000b,200000s
</usr/share/texlive/texmf-dist/fonts/type1/public/amsfonts/cm/cmbx12.pfb></us
r/share/texlive/texmf-dist/fonts/type1/public/amsfonts/cm/cmmi10.pfb></usr/shar
e/texlive/texmf-dist/fonts/type1/public/amsfonts/cm/cmmi12.pfb></usr/share/texl
ive/texmf-dist/fonts/type1/public/amsfonts/cm/cmmi8.pfb></usr/share/texlive/tex
mf-dist/fonts/type1/public/amsfonts/cm/cmr10.pfb></usr/share/texlive/texmf-dist
/fonts/type1/public/amsfonts/cm/cmr12.pfb></usr/share/texlive/texmf-dist/fonts/
type1/public/amsfonts/cm/cmr17.pfb></usr/share/texlive/texmf-dist/fonts/type1/p
ublic/amsfonts/cm/cmr8.pfb></usr/share/texlive/texmf-dist/fonts/type1/public/am
sfonts/cm/cmsy10.pfb></usr/share/texlive/texmf-dist/fonts/type1/public/amsfonts
/cm/cmsy8.pfb></usr/share/texlive/texmf-dist/fonts/type1/public/amsfonts/cm/cmt
i12.pfb>
Output written on main.pdf (35 pages, 6014135 bytes).
PDF statistics:
 293 PDF objects out of 1000 (max. 8388607)
 112 compressed objects within 2 object streams
 0 named destinations out of 1000 (max. 500000)
 301 words of extra memory for PDF output out of 10000 (max. 10000000)

